0 info it worked if it ends with ok
1 verbose cli [ 'node', '/usr/local/bin/npm', '-g', 'install', 'node-lint' ]
2 info using npm@1.2.25
3 info using node@v0.10.10
4 verbose read json /usr/local/lib/package.json
5 verbose read json /usr/local/lib/package.json
6 verbose cache add [ 'node-lint', null ]
7 verbose cache add name=undefined spec="node-lint" args=["node-lint",null]
8 verbose parsed url { protocol: null,
8 verbose parsed url   slashes: null,
8 verbose parsed url   auth: null,
8 verbose parsed url   host: null,
8 verbose parsed url   port: null,
8 verbose parsed url   hostname: null,
8 verbose parsed url   hash: null,
8 verbose parsed url   search: null,
8 verbose parsed url   query: null,
8 verbose parsed url   pathname: 'node-lint',
8 verbose parsed url   path: 'node-lint',
8 verbose parsed url   href: 'node-lint' }
9 silly lockFile d93334e1-node-lint node-lint
10 verbose lock node-lint /Users/michael/.npm/d93334e1-node-lint.lock
11 silly lockFile d93334e1-node-lint node-lint
12 silly lockFile d93334e1-node-lint node-lint
13 verbose addNamed [ 'node-lint', '' ]
14 verbose addNamed [ null, '' ]
15 silly lockFile 125aefa4-node-lint node-lint@
16 verbose lock node-lint@ /Users/michael/.npm/125aefa4-node-lint.lock
17 silly addNameRange { name: 'node-lint', range: '', hasData: false }
18 verbose url raw node-lint
19 verbose url resolving [ 'https://registry.npmjs.org/', './node-lint' ]
20 verbose url resolved https://registry.npmjs.org/node-lint
21 info trying registry request attempt 1 at 15:34:18
22 http GET https://registry.npmjs.org/node-lint
23 http 404 https://registry.npmjs.org/node-lint
24 silly registry.get cb [ 404,
24 silly registry.get   { server: 'CouchDB/1.3.0 (Erlang OTP/R15B03)',
24 silly registry.get     date: 'Tue, 11 Jun 2013 21:34:18 GMT',
24 silly registry.get     'content-type': 'application/json',
24 silly registry.get     'content-length': '52',
24 silly registry.get     'cache-control': 'must-revalidate' } ]
25 silly lockFile 125aefa4-node-lint node-lint@
26 silly lockFile 125aefa4-node-lint node-lint@
27 error 404 'node-lint' is not in the npm registry.
27 error 404 You should bug the author to publish it
27 error 404
27 error 404 Maybe try 'npm search lint'
27 error 404
27 error 404 Note that you can also install from a
27 error 404 tarball, folder, or http url, or git url.
28 error System Darwin 12.4.0
29 error command "node" "/usr/local/bin/npm" "-g" "install" "node-lint"
30 error cwd /Users/michael/node/minioc
31 error node -v v0.10.10
32 error npm -v 1.2.25
33 error code E404
34 verbose exit [ 1, true ]
